<?xml version="1.0" encoding="UTF-8"?>
<!-- Generated by org.testng.reporters.JUnitReportReporter -->
<testsuite hostname="DESKTOP-M2EV9O3" failures="0" tests="2" name="com.cucumber.runners.TestRunnerLoginCMS" time="7.266" errors="0" timestamp="2024-08-12T10:58:41 ICT" skipped="0">
  <testcase classname="com.cucumber.runners.TestRunnerLoginCMS" name="runScenario" time="2.554"/>
  <testcase classname="com.cucumber.runners.TestRunnerLoginCMS" name="runScenario" time="4.712"/>
</testsuite> <!-- com.cucumber.runners.TestRunnerLoginCMS -->
