<?xml version="1.0" encoding="UTF-8"?>
<!-- Generated by org.testng.reporters.JUnitReportReporter -->
<testsuite hostname="DESKTOP-M2EV9O3" failures="0" tests="1" name="com.anhtester.runners.TestRunnerLoginCMS" time="7.399" errors="0" timestamp="2024-08-06T15:15:54 ICT" skipped="0">
  <testcase classname="com.anhtester.runners.TestRunnerLoginCMS" name="runScenario" time="7.399"/>
</testsuite> <!-- com.anhtester.runners.TestRunnerLoginCMS -->
